<?xml version="1.0" encoding="UTF-8" ?>
<testsuite failures="0" time="1.675" errors="0" skipped="0" tests="1" name="com.globalscalingsoftware.prefdialog.internal.inputfield.DialogCancelTest">
  <properties>
    <property name="java.runtime.name" value="OpenJDK Runtime Environment"/>
    <property name="sun.boot.library.path" value="/usr/lib/jvm/java-1.6.0-openjdk-1.6.0.0/jre/lib/i386"/>
    <property name="java.vm.version" value="19.0-b06"/>
    <property name="java.vm.vendor" value="Sun Microsystems Inc."/>
    <property name="java.vendor.url" value="http://java.sun.com/"/>
    <property name="path.separator" value=":"/>
    <property name="java.vm.name" value="OpenJDK Server VM"/>
    <property name="file.encoding.pkg" value="sun.io"/>
    <property name="user.country" value="US"/>
    <property name="sun.java.launcher" value="SUN_STANDARD"/>
    <property name="sun.os.patch.level" value="unknown"/>
    <property name="java.vm.specification.name" value="Java Virtual Machine Specification"/>
    <property name="user.dir" value="/read/projects/com.globalscalingsoftware/prefdialog/prefdialog-swing"/>
    <property name="java.runtime.version" value="1.6.0_20-b20"/>
    <property name="java.awt.graphicsenv" value="sun.awt.X11GraphicsEnvironment"/>
    <property name="basedir" value="/read/projects/com.globalscalingsoftware/prefdialog/prefdialog-swing"/>
    <property name="java.endorsed.dirs" value="/usr/lib/jvm/java-1.6.0-openjdk-1.6.0.0/jre/lib/endorsed"/>
    <property name="os.arch" value="i386"/>
    <property name="surefire.real.class.path" value="/tmp/surefirebooter3826137368320565552.jar"/>
    <property name="javax.accessibility.assistive_technologies" value="org.GNOME.Accessibility.JavaBridge"/>
    <property name="java.io.tmpdir" value="/tmp"/>
    <property name="line.separator" value="
"/>
    <property name="java.vm.specification.vendor" value="Sun Microsystems Inc."/>
    <property name="os.name" value="Linux"/>
    <property name="sun.jnu.encoding" value="UTF-8"/>
    <property name="java.library.path" value="/usr/lib/jvm/java-1.6.0-openjdk-1.6.0.0/jre/lib/i386/server:/usr/lib/jvm/java-1.6.0-openjdk-1.6.0.0/jre/lib/i386:/usr/lib/jvm/java-1.6.0-openjdk-1.6.0.0/jre/../lib/i386:/usr/java/packages/lib/i386:/lib:/usr/lib"/>
    <property name="surefire.test.class.path" value="/read/projects/com.globalscalingsoftware/prefdialog/prefdialog-swing/target/test-classes:/read/projects/com.globalscalingsoftware/prefdialog/prefdialog-swing/target/classes:/home/devent/.m2/repository/com/google/inject/guice/2.0/guice-2.0.jar:/home/devent/.m2/repository/aopalliance/aopalliance/1.0/aopalliance-1.0.jar:/home/devent/.m2/repository/tablelayout/TableLayout/20050920/TableLayout-20050920.jar:/home/devent/.m2/repository/org/easytesting/fest-reflect/1.2/fest-reflect-1.2.jar:/home/devent/.m2/repository/org/easytesting/fest-util/1.1/fest-util-1.1.jar:/home/devent/.m2/repository/com/google/inject/extensions/guice-assisted-inject/2.0/guice-assisted-inject-2.0.jar:/home/devent/.m2/repository/com/globalscalingsoftware/annotations/annotations-base/1.0/annotations-base-1.0.jar:/read/projects/com.globalscalingsoftware/prefdialog/prefdialog-public/target/prefdialog-public-1.0.jar:/home/devent/.m2/repository/org/easytesting/fest-swing-junit-4.5/1.2.1/fest-swing-junit-4.5-1.2.1.jar:/home/devent/.m2/repository/org/easytesting/fest-swing/1.2.1/fest-swing-1.2.1.jar:/home/devent/.m2/repository/org/easytesting/fest-assert/1.2/fest-assert-1.2.jar:/home/devent/.m2/repository/net/jcip/jcip-annotations/1.0/jcip-annotations-1.0.jar:/home/devent/.m2/repository/org/easytesting/fest-swing-junit/1.2.1/fest-swing-junit-1.2.1.jar:/home/devent/.m2/repository/commons-codec/commons-codec/1.3/commons-codec-1.3.jar:/home/devent/.m2/repository/org/codehaus/groovy/groovy-all/1.7.5/groovy-all-1.7.5.jar:/home/devent/.m2/repository/org/hamcrest/hamcrest-all/1.1/hamcrest-all-1.1.jar:/home/devent/.m2/repository/junit/junit/4.8.1/junit-4.8.1.jar:"/>
    <property name="java.specification.name" value="Java Platform API Specification"/>
    <property name="java.class.version" value="50.0"/>
    <property name="sun.management.compiler" value="HotSpot Tiered Compilers"/>
    <property name="os.version" value="2.6.35.6-48.fc14.i686"/>
    <property name="user.home" value="/home/devent"/>
    <property name="user.timezone" value=""/>
    <property name="java.awt.printerjob" value="sun.print.PSPrinterJob"/>
    <property name="java.specification.version" value="1.6"/>
    <property name="file.encoding" value="UTF-8"/>
    <property name="user.name" value="devent"/>
    <property name="java.class.path" value="/read/projects/com.globalscalingsoftware/prefdialog/prefdialog-swing/target/test-classes:/read/projects/com.globalscalingsoftware/prefdialog/prefdialog-swing/target/classes:/home/devent/.m2/repository/com/google/inject/guice/2.0/guice-2.0.jar:/home/devent/.m2/repository/aopalliance/aopalliance/1.0/aopalliance-1.0.jar:/home/devent/.m2/repository/tablelayout/TableLayout/20050920/TableLayout-20050920.jar:/home/devent/.m2/repository/org/easytesting/fest-reflect/1.2/fest-reflect-1.2.jar:/home/devent/.m2/repository/org/easytesting/fest-util/1.1/fest-util-1.1.jar:/home/devent/.m2/repository/com/google/inject/extensions/guice-assisted-inject/2.0/guice-assisted-inject-2.0.jar:/home/devent/.m2/repository/com/globalscalingsoftware/annotations/annotations-base/1.0/annotations-base-1.0.jar:/read/projects/com.globalscalingsoftware/prefdialog/prefdialog-public/target/prefdialog-public-1.0.jar:/home/devent/.m2/repository/org/easytesting/fest-swing-junit-4.5/1.2.1/fest-swing-junit-4.5-1.2.1.jar:/home/devent/.m2/repository/org/easytesting/fest-swing/1.2.1/fest-swing-1.2.1.jar:/home/devent/.m2/repository/org/easytesting/fest-assert/1.2/fest-assert-1.2.jar:/home/devent/.m2/repository/net/jcip/jcip-annotations/1.0/jcip-annotations-1.0.jar:/home/devent/.m2/repository/org/easytesting/fest-swing-junit/1.2.1/fest-swing-junit-1.2.1.jar:/home/devent/.m2/repository/commons-codec/commons-codec/1.3/commons-codec-1.3.jar:/home/devent/.m2/repository/org/codehaus/groovy/groovy-all/1.7.5/groovy-all-1.7.5.jar:/home/devent/.m2/repository/org/hamcrest/hamcrest-all/1.1/hamcrest-all-1.1.jar:/home/devent/.m2/repository/junit/junit/4.8.1/junit-4.8.1.jar:"/>
    <property name="java.vm.specification.version" value="1.0"/>
    <property name="sun.arch.data.model" value="32"/>
    <property name="java.home" value="/usr/lib/jvm/java-1.6.0-openjdk-1.6.0.0/jre"/>
    <property name="java.specification.vendor" value="Sun Microsystems Inc."/>
    <property name="user.language" value="en"/>
    <property name="java.vm.info" value="mixed mode"/>
    <property name="java.version" value="1.6.0_20"/>
    <property name="java.ext.dirs" value="/usr/lib/jvm/java-1.6.0-openjdk-1.6.0.0/jre/lib/ext:/usr/java/packages/lib/ext"/>
    <property name="sun.boot.class.path" value="/usr/lib/jvm/java-1.6.0-openjdk-1.6.0.0/jre/lib/resources.jar:/usr/lib/jvm/java-1.6.0-openjdk-1.6.0.0/jre/lib/rt.jar:/usr/lib/jvm/java-1.6.0-openjdk-1.6.0.0/jre/lib/sunrsasign.jar:/usr/lib/jvm/java-1.6.0-openjdk-1.6.0.0/jre/lib/jsse.jar:/usr/lib/jvm/java-1.6.0-openjdk-1.6.0.0/jre/lib/jce.jar:/usr/lib/jvm/java-1.6.0-openjdk-1.6.0.0/jre/lib/charsets.jar:/usr/lib/jvm/java-1.6.0-openjdk-1.6.0.0/jre/lib/netx.jar:/usr/lib/jvm/java-1.6.0-openjdk-1.6.0.0/jre/lib/plugin.jar:/usr/lib/jvm/java-1.6.0-openjdk-1.6.0.0/jre/lib/rhino.jar:/usr/lib/jvm/java-1.6.0-openjdk-1.6.0.0/jre/lib/modules/jdk.boot.jar:/usr/lib/jvm/java-1.6.0-openjdk-1.6.0.0/jre/classes"/>
    <property name="java.vendor" value="Sun Microsystems Inc."/>
    <property name="localRepository" value="/home/devent/.m2/repository"/>
    <property name="file.separator" value="/"/>
    <property name="java.vendor.url.bug" value="http://java.sun.com/cgi-bin/bugreport.cgi"/>
    <property name="sun.cpu.endian" value="little"/>
    <property name="sun.io.unicode.encoding" value="UnicodeLittle"/>
    <property name="sun.cpu.isalist" value=""/>
  </properties>
  <testcase time="1.673" classname="com.globalscalingsoftware.prefdialog.internal.inputfield.DialogCancelTest" name="testClickCancelAndClose"/>
</testsuite>